C51 COMPILER V9.59.0.0   CODE                                                              05/03/2019 03:30:15 PAGE 1   


C51 COMPILER V9.59.0.0, COMPILATION OF MODULE CODE
OBJECT MODULE PLACED IN .\Objects\code.obj
COMPILER INVOKED BY: C:\Keil_v5\C51\BIN\C51.EXE code.c OPTIMIZE(8,SPEED) BROWSE DEBUG OBJECTEXTEND PRINT(.\Listings\code
                    -.lst) TABS(2) OBJECT(.\Objects\code.obj)

line level    source

   1          #include <reg51.h>
   2          
   3          sbit signal = P3^7;
   4          sbit LED = P2^0;
   5          sbit receiverOutput = P3^3;
   6          
   7          int sign = 1;
   8          int overflow = 1;
   9          void Timer1_ISR (void) interrupt 3{
  10   1          
  11   1          
  12   1        
  13   1          if(sign == 0){
  14   2            signal = 0;
  15   2          }else if(sign == 1){
  16   2            signal = ~signal;
  17   2          }
  18   1        
  19   1        }
  20          
  21            
  22          void Timer0_ISR (void) interrupt 1{
  23   1        
  24   1        TH0 = 0xFB;
  25   1        TL0 = 0xAE;
  26   1        TF0 = 0;
  27   1      
  28   1        if(sign == 0){
  29   2        
  30   2          if(overflow == 33){
  31   3            sign = 1;
  32   3            overflow = 0;
  33   3          }else{
  34   3            overflow++;
  35   3        } 
  36   2          
  37   2        }else if(sign == 1)sign=0;
  38   1          
  39   1      
  40   1        }
  41          
  42          void main(){
  43   1        
  44   1        TMOD = 0x29;
  45   1        TH0 = 0xFB;
  46   1        TL0 = 0xAE;
  47   1        TF0 = 0;
  48   1        TR0 = 1;
  49   1        
  50   1        
  51   1        
  52   1        
  53   1        
  54   1        TH1 = 0xE8;
C51 COMPILER V9.59.0.0   CODE                                                              05/03/2019 03:30:15 PAGE 2   

  55   1        TR1 = 1;
  56   1        
  57   1        EA = 1;
  58   1        ET0 = 1;
  59   1        ET1 = 1;
  60   1        
  61   1        while(1){
  62   2          if(receiverOutput == 0) LED=0;  //LED on
  63   2          else if(receiverOutput == 1) LED=1; //LED off
  64   2        }
  65   1      
  66   1      }


MODULE INFORMATION:   STATIC OVERLAYABLE
   CODE SIZE        =    123    ----
   CONSTANT SIZE    =   ----    ----
   XDATA SIZE       =   ----    ----
   PDATA SIZE       =   ----    ----
   DATA SIZE        =      4    ----
   IDATA SIZE       =   ----    ----
   BIT SIZE         =   ----    ----
END OF MODULE INFORMATION.


C51 COMPILATION COMPLETE.  0 WARNING(S),  0 ERROR(S)
